2023-11-30 12:39:48.191  INFO 10476 --- [main] c.i.t.CareerTrackingServiceApplication   : Starting CareerTrackingServiceApplication using Java 1.8.0_361 on DESKTOP-IBOQ22A with PID 10476 (C:\Users\Administrator\Repo\MyCarrer\JavaBackend\tracking\target\classes started by Administrator in C:\Users\Administrator\Repo\MyCarrer\JavaBackend\tracking)
2023-11-30 12:39:48.225  INFO 10476 --- [main] c.i.t.CareerTrackingServiceApplication   : No active profile set, falling back to 1 default profile: "default"
2023-11-30 12:39:51.594  INFO 10476 --- [main] .s.d.r.c.RepositoryConfigurationDelegate : Bootstrapping Spring Data JPA repositories in DEFAULT mode.
2023-11-30 12:39:52.485  INFO 10476 --- [main] .s.d.r.c.RepositoryConfigurationDelegate : Finished Spring Data repository scanning in 836 ms. Found 14 JPA repository interfaces.
2023-11-30 12:39:53.451  INFO 10476 --- [main] o.s.cloud.context.scope.GenericScope     : BeanFactory id=e3c356b6-43bb-3668-8820-1ce0c28f3fd5
2023-11-30 12:39:55.632  INFO 10476 --- [main] o.s.b.w.embedded.tomcat.TomcatWebServer  : Tomcat initialized with port(s): 9092 (http)
2023-11-30 12:39:55.666  INFO 10476 --- [main] o.apache.catalina.core.StandardService   : Starting service [Tomcat]
2023-11-30 12:39:55.668  INFO 10476 --- [main] org.apache.catalina.core.StandardEngine  : Starting Servlet engine: [Apache Tomcat/9.0.75]
2023-11-30 12:39:56.544  INFO 10476 --- [main] o.a.c.c.C.[Tomcat].[localhost].[/]       : Initializing Spring embedded WebApplicationContext
2023-11-30 12:39:56.545  INFO 10476 --- [main] w.s.c.ServletWebServerApplicationContext : Root WebApplicationContext: initialization completed in 8021 ms
2023-11-30 12:39:57.170  INFO 10476 --- [main] o.hibernate.jpa.internal.util.LogHelper  : HHH000204: Processing PersistenceUnitInfo [name: default]
2023-11-30 12:39:57.678  INFO 10476 --- [main] org.hibernate.Version                    : HHH000412: Hibernate ORM core version 5.6.15.Final
2023-11-30 12:39:58.733  INFO 10476 --- [main] o.hibernate.annotations.common.Version   : HCANN000001: Hibernate Commons Annotations {5.1.2.Final}
2023-11-30 12:39:59.382  INFO 10476 --- [main] com.zaxxer.hikari.HikariDataSource       : HikariPool-1 - Starting...
2023-11-30 12:40:00.089  INFO 10476 --- [main] com.zaxxer.hikari.HikariDataSource       : HikariPool-1 - Start completed.
2023-11-30 12:40:00.170  INFO 10476 --- [main] org.hibernate.dialect.Dialect            : HHH000400: Using dialect: org.hibernate.dialect.MySQL8Dialect
2023-11-30 12:40:04.676  INFO 10476 --- [main] o.h.e.t.j.p.i.JtaPlatformInitiator       : HHH000490: Using JtaPlatform implementation: [org.hibernate.engine.transaction.jta.platform.internal.NoJtaPlatform]
2023-11-30 12:40:04.707  INFO 10476 --- [main] j.LocalContainerEntityManagerFactoryBean : Initialized JPA EntityManagerFactory for persistence unit 'default'
2023-11-30 12:40:07.927  INFO 10476 --- [main] o.f.c.internal.license.VersionPrinter    : Flyway Community Edition 8.5.13 by Redgate
2023-11-30 12:40:07.928  INFO 10476 --- [main] o.f.c.internal.license.VersionPrinter    : See what's new here: https://flywaydb.org/documentation/learnmore/releaseNotes#8.5.13
2023-11-30 12:40:07.928  INFO 10476 --- [main] o.f.c.internal.license.VersionPrinter    : 
2023-11-30 12:40:07.967  INFO 10476 --- [main] o.f.c.i.database.base.BaseDatabaseType   : Database: jdbc:mysql://localhost:3306/careerdb (MySQL 8.0)
2023-11-30 12:40:08.090  INFO 10476 --- [main] o.f.core.internal.command.DbValidate     : Successfully validated 2 migrations (execution time 00:00.052s)
2023-11-30 12:40:08.123  INFO 10476 --- [main] o.f.core.internal.command.DbMigrate      : Current version of schema `careerdb`: 2
2023-11-30 12:40:08.125  INFO 10476 --- [main] o.f.core.internal.command.DbMigrate      : Schema `careerdb` is up to date. No migration necessary.
2023-11-30 12:40:08.406  WARN 10476 --- [main] JpaBaseConfiguration$JpaWebConfiguration : spring.jpa.open-in-view is enabled by default. Therefore, database queries may be performed during view rendering. Explicitly configure spring.jpa.open-in-view to disable this warning
2023-11-30 12:40:10.241  INFO 10476 --- [main] DiscoveryClientOptionalArgsConfiguration : Eureka HTTP Client uses RestTemplate.
2023-11-30 12:40:11.043  WARN 10476 --- [main] iguration$LoadBalancerCaffeineWarnLogger : Spring Cloud LoadBalancer is currently working with the default cache. While this cache implementation is useful for development and tests, it's recommended to use Caffeine cache in production.You can switch to using Caffeine cache, by adding it and org.springframework.cache.caffeine.CaffeineCacheManager to the classpath.
2023-11-30 12:40:11.203  INFO 10476 --- [main] o.s.c.n.eureka.InstanceInfoFactory       : Setting initial instance status as: STARTING
2023-11-30 12:40:11.564  INFO 10476 --- [main] com.netflix.discovery.DiscoveryClient    : Initializing Eureka in region us-east-1
2023-11-30 12:40:11.592  INFO 10476 --- [main] c.n.d.s.r.aws.ConfigClusterResolver      : Resolving eureka endpoints via configuration
2023-11-30 12:40:11.783  INFO 10476 --- [main] com.netflix.discovery.DiscoveryClient    : Disable delta property : false
2023-11-30 12:40:11.783  INFO 10476 --- [main] com.netflix.discovery.DiscoveryClient    : Single vip registry refresh property : null
2023-11-30 12:40:11.785  INFO 10476 --- [main] com.netflix.discovery.DiscoveryClient    : Force full registry fetch : false
2023-11-30 12:40:11.785  INFO 10476 --- [main] com.netflix.discovery.DiscoveryClient    : Application is null : false
2023-11-30 12:40:11.786  INFO 10476 --- [main] com.netflix.discovery.DiscoveryClient    : Registered Applications size is zero : true
2023-11-30 12:40:11.787  INFO 10476 --- [main] com.netflix.discovery.DiscoveryClient    : Application version is -1: true
2023-11-30 12:40:11.791  INFO 10476 --- [main] com.netflix.discovery.DiscoveryClient    : Getting all instance registry info from the eureka server
2023-11-30 12:40:13.278  INFO 10476 --- [main] com.netflix.discovery.DiscoveryClient    : The response status is 200
2023-11-30 12:40:13.286  INFO 10476 --- [main] com.netflix.discovery.DiscoveryClient    : Starting heartbeat executor: renew interval is: 30
2023-11-30 12:40:13.292  INFO 10476 --- [main] c.n.discovery.InstanceInfoReplicator     : InstanceInfoReplicator onDemand update allowed rate per min is 4
2023-11-30 12:40:13.302  INFO 10476 --- [main] com.netflix.discovery.DiscoveryClient    : Discovery Client initialized at timestamp 1701328213300 with initial instances count: 2
2023-11-30 12:40:13.305  INFO 10476 --- [main] o.s.c.n.e.s.EurekaServiceRegistry        : Registering application TRACKING-SERVICE with eureka with status UP
2023-11-30 12:40:13.306  INFO 10476 --- [main] com.netflix.discovery.DiscoveryClient    : Saw local status change event StatusChangeEvent [timestamp=1701328213306, current=UP, previous=STARTING]
2023-11-30 12:40:13.311  INFO 10476 --- [DiscoveryClient-InstanceInfoReplicator-0] com.netflix.discovery.DiscoveryClient    : DiscoveryClient_TRACKING-SERVICE/DESKTOP-IBOQ22A:TRACKING-SERVICE:9092: registering service...
2023-11-30 12:40:13.384  INFO 10476 --- [main] o.s.b.w.embedded.tomcat.TomcatWebServer  : Tomcat started on port(s): 9092 (http) with context path ''
2023-11-30 12:40:13.389  INFO 10476 --- [main] .s.c.n.e.s.EurekaAutoServiceRegistration : Updating port to 9092
2023-11-30 12:40:13.479  INFO 10476 --- [DiscoveryClient-InstanceInfoReplicator-0] com.netflix.discovery.DiscoveryClient    : DiscoveryClient_TRACKING-SERVICE/DESKTOP-IBOQ22A:TRACKING-SERVICE:9092 - registration status: 204
2023-11-30 12:40:13.999  INFO 10476 --- [main] c.i.t.CareerTrackingServiceApplication   : Started CareerTrackingServiceApplication in 28.636 seconds (JVM running for 32.54)
2023-11-30 12:41:27.135  INFO 10476 --- [http-nio-9092-exec-1] o.a.c.c.C.[Tomcat].[localhost].[/]       : Initializing Spring DispatcherServlet 'dispatcherServlet'
2023-11-30 12:41:27.135  INFO 10476 --- [http-nio-9092-exec-1] o.s.web.servlet.DispatcherServlet        : Initializing Servlet 'dispatcherServlet'
2023-11-30 12:41:27.138  INFO 10476 --- [http-nio-9092-exec-1] o.s.web.servlet.DispatcherServlet        : Completed initialization in 2 ms
2023-11-30 12:45:11.819  INFO 10476 --- [AsyncResolver-bootstrap-executor-0] c.n.d.s.r.aws.ConfigClusterResolver      : Resolving eureka endpoints via configuration
2023-11-30 12:50:11.831  INFO 10476 --- [AsyncResolver-bootstrap-executor-0] c.n.d.s.r.aws.ConfigClusterResolver      : Resolving eureka endpoints via configuration
2023-11-30 12:55:11.833  INFO 10476 --- [AsyncResolver-bootstrap-executor-0] c.n.d.s.r.aws.ConfigClusterResolver      : Resolving eureka endpoints via configuration
2023-11-30 13:00:11.850  INFO 10476 --- [AsyncResolver-bootstrap-executor-0] c.n.d.s.r.aws.ConfigClusterResolver      : Resolving eureka endpoints via configuration
2023-11-30 13:01:43.163  INFO 10476 --- [SpringApplicationShutdownHook] o.s.c.n.e.s.EurekaServiceRegistry        : Unregistering application TRACKING-SERVICE with eureka with status DOWN
2023-11-30 13:01:43.163  INFO 10476 --- [SpringApplicationShutdownHook] com.netflix.discovery.DiscoveryClient    : Saw local status change event StatusChangeEvent [timestamp=1701329503163, current=DOWN, previous=UP]
2023-11-30 13:01:43.165  INFO 10476 --- [DiscoveryClient-InstanceInfoReplicator-0] com.netflix.discovery.DiscoveryClient    : DiscoveryClient_TRACKING-SERVICE/DESKTOP-IBOQ22A:TRACKING-SERVICE:9092: registering service...
2023-11-30 13:01:43.234  INFO 10476 --- [DiscoveryClient-InstanceInfoReplicator-0] com.netflix.discovery.DiscoveryClient    : DiscoveryClient_TRACKING-SERVICE/DESKTOP-IBOQ22A:TRACKING-SERVICE:9092 - registration status: 204
2023-11-30 13:01:43.813  INFO 10476 --- [SpringApplicationShutdownHook] j.LocalContainerEntityManagerFactoryBean : Closing JPA EntityManagerFactory for persistence unit 'default'
2023-11-30 13:01:43.824  INFO 10476 --- [SpringApplicationShutdownHook] com.zaxxer.hikari.HikariDataSource       : HikariPool-1 - Shutdown initiated...
2023-11-30 13:01:43.853  INFO 10476 --- [SpringApplicationShutdownHook] com.zaxxer.hikari.HikariDataSource       : HikariPool-1 - Shutdown completed.
2023-11-30 13:01:43.854  INFO 10476 --- [SpringApplicationShutdownHook] com.netflix.discovery.DiscoveryClient    : Shutting down DiscoveryClient ...
2023-11-30 13:01:46.858  WARN 10476 --- [DiscoveryClient-1] c.netflix.discovery.TimedSupervisorTask  : task supervisor shutting down, can't accept the task
2023-11-30 13:01:46.870  INFO 10476 --- [SpringApplicationShutdownHook] com.netflix.discovery.DiscoveryClient    : Unregistering ...
2023-11-30 13:01:46.891  INFO 10476 --- [SpringApplicationShutdownHook] com.netflix.discovery.DiscoveryClient    : DiscoveryClient_TRACKING-SERVICE/DESKTOP-IBOQ22A:TRACKING-SERVICE:9092 - deregister  status: 200
2023-11-30 13:01:46.905  INFO 10476 --- [SpringApplicationShutdownHook] com.netflix.discovery.DiscoveryClient    : Completed shut down of DiscoveryClient
2023-11-30 13:04:01.028  INFO 14216 --- [main] .t.CareerTrackingServiceApplicationTests : Starting CareerTrackingServiceApplicationTests using Java 1.8.0_361 on DESKTOP-IBOQ22A with PID 14216 (started by Administrator in C:\Users\Administrator\Repo\MyCarrer\JavaBackend\tracking)
2023-11-30 13:04:01.031  INFO 14216 --- [main] .t.CareerTrackingServiceApplicationTests : No active profile set, falling back to 1 default profile: "default"
2023-11-30 13:04:04.745  INFO 14216 --- [main] .s.d.r.c.RepositoryConfigurationDelegate : Bootstrapping Spring Data JPA repositories in DEFAULT mode.
2023-11-30 13:04:05.994  INFO 14216 --- [main] .s.d.r.c.RepositoryConfigurationDelegate : Finished Spring Data repository scanning in 1218 ms. Found 14 JPA repository interfaces.
2023-11-30 13:04:07.212  INFO 14216 --- [main] o.s.cloud.context.scope.GenericScope     : BeanFactory id=2b4c4d69-c44d-3126-a286-9e224c0d4a79
2023-11-30 13:04:10.004  INFO 14216 --- [main] o.hibernate.jpa.internal.util.LogHelper  : HHH000204: Processing PersistenceUnitInfo [name: default]
2023-11-30 13:04:10.398  INFO 14216 --- [main] org.hibernate.Version                    : HHH000412: Hibernate ORM core version 5.6.15.Final
2023-11-30 13:04:11.433  INFO 14216 --- [main] o.hibernate.annotations.common.Version   : HCANN000001: Hibernate Commons Annotations {5.1.2.Final}
2023-11-30 13:04:12.777  INFO 14216 --- [main] com.zaxxer.hikari.HikariDataSource       : HikariPool-1 - Starting...
2023-11-30 13:04:13.703  INFO 14216 --- [main] com.zaxxer.hikari.HikariDataSource       : HikariPool-1 - Start completed.
2023-11-30 13:04:13.796  INFO 14216 --- [main] org.hibernate.dialect.Dialect            : HHH000400: Using dialect: org.hibernate.dialect.MySQL8Dialect
2023-11-30 13:04:18.111  INFO 14216 --- [main] o.h.e.t.j.p.i.JtaPlatformInitiator       : HHH000490: Using JtaPlatform implementation: [org.hibernate.engine.transaction.jta.platform.internal.NoJtaPlatform]
2023-11-30 13:04:18.142  INFO 14216 --- [main] j.LocalContainerEntityManagerFactoryBean : Initialized JPA EntityManagerFactory for persistence unit 'default'
2023-11-30 13:04:22.477  INFO 14216 --- [main] o.f.c.internal.license.VersionPrinter    : Flyway Community Edition 8.5.13 by Redgate
2023-11-30 13:04:22.482  INFO 14216 --- [main] o.f.c.internal.license.VersionPrinter    : See what's new here: https://flywaydb.org/documentation/learnmore/releaseNotes#8.5.13
2023-11-30 13:04:22.484  INFO 14216 --- [main] o.f.c.internal.license.VersionPrinter    : 
2023-11-30 13:04:22.545  INFO 14216 --- [main] o.f.c.i.database.base.BaseDatabaseType   : Database: jdbc:mysql://localhost:3306/careerdb (MySQL 8.0)
2023-11-30 13:04:22.736  INFO 14216 --- [main] o.f.core.internal.command.DbValidate     : Successfully validated 2 migrations (execution time 00:00.085s)
2023-11-30 13:04:22.783  INFO 14216 --- [main] o.f.core.internal.command.DbMigrate      : Current version of schema `careerdb`: 2
2023-11-30 13:04:22.788  INFO 14216 --- [main] o.f.core.internal.command.DbMigrate      : Schema `careerdb` is up to date. No migration necessary.
2023-11-30 13:04:24.677  WARN 14216 --- [main] JpaBaseConfiguration$JpaWebConfiguration : spring.jpa.open-in-view is enabled by default. Therefore, database queries may be performed during view rendering. Explicitly configure spring.jpa.open-in-view to disable this warning
2023-11-30 13:04:28.042  INFO 14216 --- [main] DiscoveryClientOptionalArgsConfiguration : Eureka HTTP Client uses RestTemplate.
2023-11-30 13:04:28.950  WARN 14216 --- [main] iguration$LoadBalancerCaffeineWarnLogger : Spring Cloud LoadBalancer is currently working with the default cache. While this cache implementation is useful for development and tests, it's recommended to use Caffeine cache in production.You can switch to using Caffeine cache, by adding it and org.springframework.cache.caffeine.CaffeineCacheManager to the classpath.
2023-11-30 13:04:28.997  INFO 14216 --- [main] o.s.c.n.eureka.InstanceInfoFactory       : Setting initial instance status as: STARTING
2023-11-30 13:04:29.213  INFO 14216 --- [main] com.netflix.discovery.DiscoveryClient    : Initializing Eureka in region us-east-1
2023-11-30 13:04:29.224  INFO 14216 --- [main] c.n.d.s.r.aws.ConfigClusterResolver      : Resolving eureka endpoints via configuration
2023-11-30 13:04:29.281  INFO 14216 --- [main] com.netflix.discovery.DiscoveryClient    : Disable delta property : false
2023-11-30 13:04:29.282  INFO 14216 --- [main] com.netflix.discovery.DiscoveryClient    : Single vip registry refresh property : null
2023-11-30 13:04:29.282  INFO 14216 --- [main] com.netflix.discovery.DiscoveryClient    : Force full registry fetch : false
2023-11-30 13:04:29.283  INFO 14216 --- [main] com.netflix.discovery.DiscoveryClient    : Application is null : false
2023-11-30 13:04:29.283  INFO 14216 --- [main] com.netflix.discovery.DiscoveryClient    : Registered Applications size is zero : true
2023-11-30 13:04:29.283  INFO 14216 --- [main] com.netflix.discovery.DiscoveryClient    : Application version is -1: true
2023-11-30 13:04:29.284  INFO 14216 --- [main] com.netflix.discovery.DiscoveryClient    : Getting all instance registry info from the eureka server
2023-11-30 13:04:32.374  INFO 14216 --- [main] com.netflix.discovery.DiscoveryClient    : The response status is 200
2023-11-30 13:04:32.391  INFO 14216 --- [main] com.netflix.discovery.DiscoveryClient    : Starting heartbeat executor: renew interval is: 30
2023-11-30 13:04:32.403  INFO 14216 --- [main] c.n.discovery.InstanceInfoReplicator     : InstanceInfoReplicator onDemand update allowed rate per min is 4
2023-11-30 13:04:32.423  INFO 14216 --- [main] com.netflix.discovery.DiscoveryClient    : Discovery Client initialized at timestamp 1701329672419 with initial instances count: 1
2023-11-30 13:04:32.436  INFO 14216 --- [main] o.s.c.n.e.s.EurekaServiceRegistry        : Registering application TRACKING-SERVICE with eureka with status UP
2023-11-30 13:04:32.439  INFO 14216 --- [main] com.netflix.discovery.DiscoveryClient    : Saw local status change event StatusChangeEvent [timestamp=1701329672439, current=UP, previous=STARTING]
2023-11-30 13:04:32.444  INFO 14216 --- [DiscoveryClient-InstanceInfoReplicator-0] com.netflix.discovery.DiscoveryClient    : DiscoveryClient_TRACKING-SERVICE/DESKTOP-IBOQ22A:TRACKING-SERVICE:9092: registering service...
2023-11-30 13:04:32.485  INFO 14216 --- [main] .t.CareerTrackingServiceApplicationTests : Started CareerTrackingServiceApplicationTests in 34.252 seconds (JVM running for 39.126)
2023-11-30 13:04:32.680  INFO 14216 --- [DiscoveryClient-InstanceInfoReplicator-0] com.netflix.discovery.DiscoveryClient    : DiscoveryClient_TRACKING-SERVICE/DESKTOP-IBOQ22A:TRACKING-SERVICE:9092 - registration status: 204
2023-11-30 13:04:33.122  INFO 14216 --- [SpringApplicationShutdownHook] o.s.c.n.e.s.EurekaServiceRegistry        : Unregistering application TRACKING-SERVICE with eureka with status DOWN
2023-11-30 13:04:33.122  INFO 14216 --- [SpringApplicationShutdownHook] com.netflix.discovery.DiscoveryClient    : Saw local status change event StatusChangeEvent [timestamp=1701329673122, current=DOWN, previous=UP]
2023-11-30 13:04:33.123  INFO 14216 --- [DiscoveryClient-InstanceInfoReplicator-0] com.netflix.discovery.DiscoveryClient    : DiscoveryClient_TRACKING-SERVICE/DESKTOP-IBOQ22A:TRACKING-SERVICE:9092: registering service...
2023-11-30 13:04:33.170  INFO 14216 --- [DiscoveryClient-InstanceInfoReplicator-0] com.netflix.discovery.DiscoveryClient    : DiscoveryClient_TRACKING-SERVICE/DESKTOP-IBOQ22A:TRACKING-SERVICE:9092 - registration status: 204
2023-11-30 13:04:33.172  INFO 14216 --- [SpringApplicationShutdownHook] j.LocalContainerEntityManagerFactoryBean : Closing JPA EntityManagerFactory for persistence unit 'default'
2023-11-30 13:04:33.177  INFO 14216 --- [SpringApplicationShutdownHook] com.zaxxer.hikari.HikariDataSource       : HikariPool-1 - Shutdown initiated...
2023-11-30 13:04:33.218  INFO 14216 --- [SpringApplicationShutdownHook] com.zaxxer.hikari.HikariDataSource       : HikariPool-1 - Shutdown completed.
2023-11-30 13:04:33.220  INFO 14216 --- [SpringApplicationShutdownHook] com.netflix.discovery.DiscoveryClient    : Shutting down DiscoveryClient ...
2023-11-30 13:04:36.236  INFO 14216 --- [SpringApplicationShutdownHook] com.netflix.discovery.DiscoveryClient    : Unregistering ...
2023-11-30 13:04:36.289  INFO 14216 --- [SpringApplicationShutdownHook] com.netflix.discovery.DiscoveryClient    : DiscoveryClient_TRACKING-SERVICE/DESKTOP-IBOQ22A:TRACKING-SERVICE:9092 - deregister  status: 200
2023-11-30 13:04:36.302  INFO 14216 --- [SpringApplicationShutdownHook] com.netflix.discovery.DiscoveryClient    : Completed shut down of DiscoveryClient
